Flow report for max2
Fri Apr 09 09:33:03 2010
Quartus II Version 9.0 Build 132 02/25/2009 SJ Full Version


---------------------
; Table of Contents ;
---------------------
  1. Legal Notice
  2. Flow Summary
  3. Flow Settings
  4. Flow Non-Default Global Settings
  5. Flow Elapsed Time
  6. Flow OS Summary
  7. Flow Log



----------------
; Legal Notice ;
----------------
Copyright (C) 1991-2009 Altera Corporation
Your use of Altera Corporation's design tools, logic functions 
and other software and tools, and its AMPP partner logic 
functions, and any output files from any of the foregoing 
(including device programming or simulation files), and any 
associated documentation or information are expressly subject 
to the terms and conditions of the Altera Program License 
Subscription Agreement, Altera MegaCore Function License 
Agreement, or other applicable license agreement, including, 
without limitation, that your use is for the sole purpose of 
programming logic devices manufactured by Altera and sold by 
Altera or its authorized distributors.  Please refer to the 
applicable agreement for further details.



+--------------------------------------------------------------------+
; Flow Summary                                                       ;
+-------------------------+------------------------------------------+
; Flow Status             ; Successful - Fri Apr 09 09:33:03 2010    ;
; Quartus II Version      ; 9.0 Build 132 02/25/2009 SJ Full Version ;
; Revision Name           ; max2                                     ;
; Top-level Entity Name   ; max2                                     ;
; Family                  ; MAX II                                   ;
; Device                  ; EPM240T100C5                             ;
; Timing Models           ; Final                                    ;
; Met timing requirements ; Yes                                      ;
; Total logic elements    ; 209 / 240 ( 87 % )                       ;
; Total pins              ; 80 / 80 ( 100 % )                        ;
; Total virtual pins      ; 0                                        ;
; UFM blocks              ; 1 / 1 ( 100 % )                          ;
+-------------------------+------------------------------------------+


+-----------------------------------------+
; Flow Settings                           ;
+-------------------+---------------------+
; Option            ; Setting             ;
+-------------------+---------------------+
; Start date & time ; 04/09/2010 09:32:51 ;
; Main task         ; Compilation         ;
; Revision Name     ; max2                ;
+-------------------+---------------------+


+----------------------------------------------------------------------------------------------------------------+
; Flow Non-Default Global Settings                                                                               ;
+---------------------------------------+-----------------------------+---------------+-------------+------------+
; Assignment Name                       ; Value                       ; Default Value ; Entity Name ; Section Id ;
+---------------------------------------+-----------------------------+---------------+-------------+------------+
; COMPILER_SIGNATURE_ID                 ; 97976736181.127079117004248 ; --            ; --          ; --         ;
; POWER_EXT_SUPPLY_VOLTAGE_TO_REGULATOR ; 3.3V                        ; --            ; --          ; --         ;
; USE_GENERATED_PHYSICAL_CONSTRAINTS    ; Off                         ; --            ; --          ; eda_palace ;
+---------------------------------------+-----------------------------+---------------+-------------+------------+


+-----------------------------------------------------------------------------------------------------------------------------+
; Flow Elapsed Time                                                                                                           ;
+-------------------------+--------------+-------------------------+---------------------+------------------------------------+
; Module Name             ; Elapsed Time ; Average Processors Used ; Peak Virtual Memory ; Total CPU Time (on all processors) ;
+-------------------------+--------------+-------------------------+---------------------+------------------------------------+
; Analysis & Synthesis    ; 00:00:04     ; 1.0                     ; 173 MB              ; 00:00:04                           ;
; Fitter                  ; 00:00:02     ; 1.0                     ; 181 MB              ; 00:00:02                           ;
; Assembler               ; 00:00:03     ; 1.0                     ; 143 MB              ; 00:00:03                           ;
; Classic Timing Analyzer ; 00:00:01     ; 1.0                     ; 117 MB              ; 00:00:01                           ;
; Total                   ; 00:00:10     ; --                      ; --                  ; 00:00:10                           ;
+-------------------------+--------------+-------------------------+---------------------+------------------------------------+


+---------------------------------------------------------------------------------------+
; Flow OS Summary                                                                       ;
+-------------------------+------------------+------------+------------+----------------+
; Module Name             ; Machine Hostname ; OS Name    ; OS Version ; Processor type ;
+-------------------------+------------------+------------+------------+----------------+
; Analysis & Synthesis    ; lenovo-nick      ; Windows XP ; 5.1        ; i686           ;
; Fitter                  ; lenovo-nick      ; Windows XP ; 5.1        ; i686           ;
; Assembler               ; lenovo-nick      ; Windows XP ; 5.1        ; i686           ;
; Classic Timing Analyzer ; lenovo-nick      ; Windows XP ; 5.1        ; i686           ;
+-------------------------+------------------+------------+------------+----------------+


------------
; Flow Log ;
------------
quartus_map --read_settings_files=on --write_settings_files=off max2 -c max2
quartus_fit --read_settings_files=off --write_settings_files=off max2 -c max2
quartus_asm --read_settings_files=off --write_settings_files=off max2 -c max2
quartus_tan --read_settings_files=off --write_settings_files=off max2 -c max2



